<beans xmlns="http://www.springframework.org/schema/beans"
       xmlns:xsi="http://www.w3.org/2001/XMLSchema-instance"
       xsi:schemaLocation=
               "http://www.springframework.org/schema/beans
                http://www.springframework.org/schema/beans/spring-beans-3.1.xsd">

    <!-- Load properties from local location for DBUnit tests -->
    <bean class="org.springframework.beans.factory.config.PropertyPlaceholderConfigurer">
        <property name="locations" value="dbunit-tests/properties/h2.properties"/>
    </bean>

    <import resource="classpath:chatroom-persistence-context.xml"/>

</beans>